activating the configuration...
setting up /etc...
reloading user units for luis...
restarting sysinit-reactivation.target
restarting the following units: home-manager-luis.service
the following new units were started: libvirtd.service
.drv
  /nix/store/4z98shl91l5cgr1qss81bzrs2sky2jlh-man-paths.drv
  /nix/store/d23acg0w2ymiql3r8k3bqc3d98ivjn6r-zoxide-0.9.4-fish-completions.drv
  /nix/store/dbng0901mck9slzxhfdx0a1qqgir9kwd-luis-fish-completions.drv
  /nix/store/pkx5hm9021v7zv3c9jf17laylnxc0qhs-home-manager-path.drv
  /nix/store/h0qh0433bwfrpk6vvyxynwrl47cajflv-hm_fontconfigconf.d10hmfonts.conf.drv
  /nix/store/ikhkg18s8rs6dgbmjjrl3yx0csyki1m0-man-cache.drv
  /nix/store/mf47n0ibnzk6gpc031v4id83igiwdyzn-hm_.manpath.drv
  /nix/store/s1cby8vnlk8mkaf5j8b3bw0b6jfh916j-config.fish.drv
  /nix/store/60kribz2bc34vl7pnf3gabv8ap535hry-home-manager-files.drv
  /nix/store/9hwyp0g50yjbk3ikdmwibmb0skmm2mk4-user-environment.drv
  /nix/store/k8nqrf7wv1mpiir03629hbrpx5n7f2vj-home-manager-generation.drv
  /nix/store/xkd1wzzkd0s0c6hqwa0zjqdaxhw469bl-unit-home-manager-luis.service.drv
  /nix/store/s154g7sisalmid7g1xg1lp0ba2cdxvhm-system-units.drv
  /nix/store/pssdizirz4kqzla4hs26191sif0pllsi-etc.drv
  /nix/store/qhnb6ny1pdzifg0fw7qq46r37ygzhdjx-nixos-system-lwirth-tp-24.05.20240321.20f77aa.drv
these 2 paths will be fetched (0.45 MiB download, 1.32 MiB unpacked):
  /nix/store/gdfkzjik3a2pbz9y3zn2a8w8szaay67c-fzf-0.47.0-man
  /nix/store/7a9i8cwdglq3jdnj9na4vrg8ml1vj5j0-zoxide-0.9.4
copying path '/nix/store/gdfkzjik3a2pbz9y3zn2a8w8szaay67c-fzf-0.47.0-man' from 'https://cache.nixos.org'...
copying path '/nix/store/7a9i8cwdglq3jdnj9na4vrg8ml1vj5j0-zoxide-0.9.4' from 'https://cache.nixos.org'...
building '/nix/store/1sz6wrbvipn2yqwmzgcn1jrm8ykyvmcc-fzf-0.47.0-fish-completions.drv'...
building '/nix/store/s1cby8vnlk8mkaf5j8b3bw0b6jfh916j-config.fish.drv'...
building '/nix/store/pkx5hm9021v7zv3c9jf17laylnxc0qhs-home-manager-path.drv'...
building '/nix/store/4z98shl91l5cgr1qss81bzrs2sky2jlh-man-paths.drv'...
building '/nix/store/d23acg0w2ymiql3r8k3bqc3d98ivjn6r-zoxide-0.9.4-fish-completions.drv'...
building '/nix/store/dbng0901mck9slzxhfdx0a1qqgir9kwd-luis-fish-completions.drv'...
building '/nix/store/ikhkg18s8rs6dgbmjjrl3yx0csyki1m0-man-cache.drv'...
building '/nix/store/h0qh0433bwfrpk6vvyxynwrl47cajflv-hm_fontconfigconf.d10hmfonts.conf.drv'...
building '/nix/store/9hwyp0g50yjbk3ikdmwibmb0skmm2mk4-user-environment.drv'...
building '/nix/store/mf47n0ibnzk6gpc031v4id83igiwdyzn-hm_.manpath.drv'...
building '/nix/store/60kribz2bc34vl7pnf3gabv8ap535hry-home-manager-files.drv'...
building '/nix/store/k8nqrf7wv1mpiir03629hbrpx5n7f2vj-home-manager-generation.drv'...
building '/nix/store/xkd1wzzkd0s0c6hqwa0zjqdaxhw469bl-unit-home-manager-luis.service.drv'...
building '/nix/store/s154g7sisalmid7g1xg1lp0ba2cdxvhm-system-units.drv'...
building '/nix/store/pssdizirz4kqzla4hs26191sif0pllsi-etc.drv'...
building '/nix/store/qhnb6ny1pdzifg0fw7qq46r37ygzhdjx-nixos-system-lwirth-tp-24.05.20240321.20f77aa.drv'...
